1:
3.7
3.3
3.6
4.7
3.7
3.9
3.4
3.7
4.1
3.5
3.0
3.6
4.0
4.0
2.8
4.0
3.6
4.5
4.2
4.2
3.1
5.1
3.5
10:
2.9
2.7
1000:
3.2
2.9
2.6
4.6
3.7
3.4
3.2
3.9
3.0
2.5
3.3
3.5
3.2
4.3
3.9
3.0
3.0
3.0
3.2
3.6
3.3
3.9
2.3
3.0
4.0
3.1
3.6
10000:
3.6
3.5
10001:
3.4
4.3
3.7
2.7
4.3
3.4
3.5
4.0
4.0
3.6
4.1
4.2
2.9
4.2
3.6
3.5
4.4
10002:
4.3
3.3
4.7
4.0
10003:
2.4
10004:
5.1
4.1
4.3
3.9
4.7
4.3
4.5
4.3
4.3
4.2
4.4
4.0
4.3
3.9
4.4
4.3
4.4
4.4
4.6
4.0
4.3
4.0
4.1
4.2
5.3
3.8
4.2
4.4
3.5
4.8
4.6
10005:
3.5
4.0
3.2
2.9
3.0
10006:
3.7
3.2
3.9
2.7
10007:
2.1
2.7
2.3
2.3
2.0
2.5
2.1
2.9
2.5
2.8
2.3
2.6
2.3
10008:
4.7
3.2
3.5
2.7
4.2
4.0
3.9
10009:
3.0
3.4
4.5
2.6
2.5
3.3
1001:
4.4
3.4
3.0
3.1
3.9
3.9
3.7
3.4
2.6
3.6
3.6
3.8
2.9
3.5
3.3
3.2
3.9
3.7
2.8
3.1
2.9
3.7
3.2
2.7
3.5
3.0
3.5
3.6
3.6
4.1
3.6
4.6
2.9
3.4
3.4
3.4
4.0
2.6
2.7
3.6
3.9
2.9
3.6
3.9
4.0
3.6
3.3
3.1
3.1
4.0
3.1
2.3
2.4
3.6
3.7
4.1
2.8
3.4
3.5
3.1
3.3
3.0
3.0
2.9
3.9
2.8
2.7
2.9
3.9
3.4
2.9
3.1
3.5
2.9
3.0
3.7
2.5
2.6
3.4
3.5
3.6
3.9
2.5
3.5
3.4
3.2
3.3
4.0
3.3
2.8
4.0
3.4
3.6
3.7
3.0
2.6
3.0
3.1
3.2
3.4
3.5
3.4
3.0
2.9
3.4
3.4
3.6
3.7
3.6
2.6
2.9
3.3
3.3
2.9
3.3
2.6
2.9
3.8
3.6
3.0
3.2
3.4
3.1
3.4
3.2
3.3
3.0
3.7
3.3
3.1
3.4
3.7
3.5
3.1
10010:
2.2
2.0
2.1
2.9
2.6
2.2
2.3
2.1
1.7
2.5
1.8
1.8
2.0
1.7
2.8
2.1
1.8
2.6
1.2
2.2
1.6
1.8
1.9
10011:
4.4
4.1
10012:
3.1
4.0
2.9
3.0
3.6
3.7
2.4
3.2
2.9
3.2
3.7
3.0
2.9
10013:
3.5
3.2
3.5
3.6
3.3
3.4
3.2
3.5
3.2
3.7
2.8
3.9
3.2
3.6
3.0
3.2
2.8
3.1
3.3
2.8
2.9
2.6
3.1
3.6
3.6
3.1
3.3
2.5
2.8
3.2
3.1
2.7
2.9
3.7
3.0
2.9
3.3
3.9
3.7
2.7
4.0
3.2
3.4
3.3
3.4
2.7
3.2
3.4
2.9
3.5
2.9
3.1
3.5
3.7
3.2
2.6
3.8
10014:
3.1
3.9
2.5
3.6
3.0
10015:
3.8
3.2
2.9
3.5
3.9
3.5
4.0
3.8
3.8
3.3
3.9
3.6
3.4
4.1
4.1
3.4
3.7
4.1
3.7
4.1
5.1
4.1
4.6
2.8
3.1
3.3
4.1
3.7
10016:
2.7
1.9
2.2
2.8
3.6
10017:
3.0
3.4
3.1
10018:
4.7
3.8
2.8
3.0
3.4
3.7
3.5
3.2
2.3
3.9
3.5
3.9
3.9
3.7
3.2
3.6
3.4
3.6
3.4
3.6
3.5
3.2
4.0
4.1
3.3
3.9
3.5
3.8
3.7
4.1
10019:
3.4
3.1
3.7
3.0
4.3
4.2
3.5
2.6
3.8
3.3
4.4
2.9
2.9
3.2
3.7
3.6
3.8
3.5
3.3
4.4
3.7
3.8
3.7
3.5
3.9
3.8
3.1
3.2
3.2
3.7
3.3
3.3
3.7
4.0
3.2
4.0
2.3
3.6
3.9
3.9
4.0
4.2
3.6
3.8
4.2
2.9
3.8
4.1
3.9
3.6
3.0
3.2
3.8
3.2
3.3
2.3
2.8
3.1
4.3
3.2
2.8
3.3
3.3
3.3
3.8
4.7
3.3
4.7
3.5
1002:
3.2
2.8
3.3
3.5
3.3
3.6
3.9
2.4
3.4
3.4
4.0
3.5
3.3
3.0
10020:
3.9
4.1
3.7
4.2
3.9
3.7
3.9
4.3
4.3
4.0
3.9
4.9
3.8
4.1
4.0
3.9
4.3
3.6
4.2
3.6
4.4
3.4
3.8
3.7
3.3
2.5
4.2
10021:
2.0
2.4
2.5
2.1
10022:
2.1
3.2
2.9
2.7
3.2
3.2
2.5
2.5
10023:
4.0
3.9
3.9
3.5
4.8
3.5
3.3
3.8
3.5
3.9
4.4
10024:
3.5
4.0
3.3
3.8
3.4
3.1
3.0
3.2
3.7
3.7
10025:
2.9
10027:
4.6
3.7
3.6
3.7
3.0
3.6
3.5
4.3
3.4
4.1
3.8
3.9
4.1
3.3
3.9
4.3
3.6
4.1
4.2
4.0
3.5
4.2
3.8
3.7
4.3
4.1
4.4
4.5
4.7
4.5
4.6
4.1
3.3
3.7
4.1
4.5
4.7
4.1
4.1
3.6
4.2
4.2
5.1
3.8
3.7
4.3
4.1
4.0
4.4
4.4
3.9
4.3
3.7
3.6
3.5
4.3
3.6
3.6
4.4
4.2
3.7
3.7
3.3
3.3
4.6
4.9
3.3
4.2
3.3
4.3
4.2
4.2
4.0
3.8
4.6
4.0
4.3
4.2
3.0
3.7
4.8
4.9
3.0
3.8
4.1
4.3
3.8
4.1
10028:
2.8
3.1
2.7
3.8
4.0
2.7
4.1
10029:
3.0
3.9
3.8
2.8
10031:
3.2
2.6
3.5
2.4
3.9
2.8
2.6
2.3
2.6
10032:
3.1
4.8
4.2
4.3
4.1
2.7
3.5
3.4
3.8
2.4
3.2
4.2
4.7
3.5
4.1
2.8
3.7
3.5
3.5
3.7
3.2
3.5
3.3
3.5
3.6
3.1
3.5
3.5
4.2
3.2
3.6
3.8
4.1
3.8
3.4
4.0
3.3
3.3
3.4
3.4
3.5
3.6
3.4
3.0
3.4
3.6
4.0
10033:
3.6
3.3
2.3
3.4
3.2
2.6
3.0
2.8
3.2
2.9
3.4
3.1
4.4
3.7
10034:
1.6
2.3
10035:
2.6
4.7
4.8
4.3
4.5
4.4
3.7
3.6
3.8
3.5
4.1
3.8
4.1
4.2
3.9
4.0
4.1
4.2
4.3
5.3
10036:
3.3
3.4
3.6
3.4
3.9
3.6
3.1
3.8
2.9
3.1
3.4
3.7
4.1
4.0
4.6
4.1
3.7
4.0
2.6
3.1
3.8
3.4
4.3
4.0
4.0
4.3
4.0
3.9
3.9
3.0
3.7
3.1
3.0
3.5
3.4
3.5
3.8
3.8
3.6
3.9
3.4
3.9
4.3
4.1
4.0
4.1
4.7
4.6
3.2
4.1
3.3
3.8
3.8
3.1
3.7
4.4
3.2
4.9
3.4
4.1
3.9
4.4
3.3
4.5
3.3
4.6
3.6
4.2
3.9
4.0
4.7
4.1
3.9
3.3
4.0
4.3
4.1
3.3
4.2
4.2
3.8
3.4
4.8
4.1
3.0
3.9
3.6
3.9
3.9
3.7
3.4
4.3
3.6
4.2
3.6
3.3
3.3
4.0
3.5
4.2
4.3
3.9
3.6
4.5
3.3
3.0
3.8
3.2
3.4
3.9
3.9
3.4
3.6
4.0
3.5
3.7
4.7
3.4
3.6
4.0
3.8
3.9
3.9
3.6
4.0
3.4
4.3
4.6
3.5
3.4
4.0
3.2
3.3
4.2
3.6
3.3
3.9
3.9
4.1
3.1
4.7
4.2
3.3
3.7
3.4
4.7
3.4
3.9
3.5
3.3
4.0
4.0
4.1
3.5
3.8
3.4
4.9
3.6
3.7
4.5
4.1
3.5
4.0
4.1
3.7
3.7
4.1
4.4
3.9
3.5
3.4
3.6
4.2
3.5
4.0
3.9
3.6
4.2
4.1
4.4
3.7
4.4
3.3
RMSE: 0.97
